TN:
SF:app.js
FNF:0
FNH:0
DA:1,1
DA:2,1
DA:3,1
DA:4,1
DA:5,1
DA:6,1
DA:7,1
DA:8,1
DA:9,1
DA:10,1
DA:11,1
DA:12,0
DA:13,0
DA:14,0
DA:15,0
DA:16,0
DA:17,0
DA:18,0
DA:19,0
DA:20,0
DA:21,0
DA:22,1
DA:23,1
DA:24,0
DA:25,0
DA:26,0
DA:27,0
DA:28,1
DA:29,1
LF:29
LH:15
BRDA:23,0,0,0
BRF:1
BRH:0
end_of_record
TN:
SF:index.js
FN:5,calcularDeducaoDependentes
FN:10,calcularSalarioBase
FN:17,calcularSalarioLiquido
FNF:3
FNH:3
FNDA:1,calcularDeducaoDependentes
FNDA:1,calcularSalarioBase
FNDA:1,calcularSalarioLiquido
DA:1,1
DA:2,1
DA:3,1
DA:4,1
DA:5,1
DA:6,1
DA:7,1
DA:8,1
DA:9,1
DA:10,1
DA:11,1
DA:12,1
DA:13,1
DA:14,1
DA:15,1
DA:16,1
DA:17,1
DA:18,1
DA:19,1
DA:20,1
DA:21,1
DA:22,1
DA:23,1
DA:24,1
DA:25,1
DA:26,1
DA:27,1
DA:28,1
LF:28
LH:28
BRDA:5,0,0,1
BRDA:10,1,0,1
BRDA:17,2,0,1
BRF:3
BRH:3
end_of_record
TN:
SF:inss.js
FN:2,obterFaixas
FN:16,calcularDescontoFaixa
FN:21,calcularDescontoResidual
FN:28,calcularDescontoProgressivo
FNF:4
FNH:4
FNDA:3,obterFaixas
FNDA:3,calcularDescontoFaixa
FNDA:1,calcularDescontoResidual
FNDA:1,calcularDescontoProgressivo
DA:1,1
DA:2,1
DA:3,3
DA:4,3
DA:5,3
DA:6,3
DA:7,3
DA:8,3
DA:9,3
DA:10,3
DA:11,3
DA:12,3
DA:13,3
DA:14,1
DA:15,1
DA:16,1
DA:17,3
DA:18,3
DA:19,1
DA:20,1
DA:21,1
DA:22,1
DA:23,1
DA:24,1
DA:25,1
DA:26,1
DA:27,1
DA:28,1
DA:29,1
DA:30,1
DA:31,1
DA:32,1
DA:33,1
DA:34,1
DA:35,0
DA:36,0
DA:37,1
DA:38,1
DA:39,3
DA:40,3
DA:41,3
DA:42,2
DA:43,2
DA:44,2
DA:45,1
DA:46,1
DA:47,1
DA:48,1
DA:49,1
DA:50,1
DA:51,3
DA:52,1
DA:53,1
DA:54,1
DA:55,1
DA:56,1
DA:57,1
DA:58,1
LF:58
LH:56
BRDA:2,0,0,3
BRDA:16,1,0,3
BRDA:21,2,0,1
BRDA:28,3,0,1
BRDA:34,4,0,0
BRDA:38,5,0,3
BRDA:41,6,0,2
BRDA:45,7,0,1
BRDA:46,8,0,0
BRDA:53,9,0,3
BRF:10
BRH:8
end_of_record
TN:
SF:irrf.js
FN:2,obterFaixas
FN:16,faixaContemplaValor
FN:22,calcularDescontoFaixa
FN:37,calculardesconto
FNF:4
FNH:4
FNDA:4,obterFaixas
FNDA:8,faixaContemplaValor
FNDA:1,calcularDescontoFaixa
FNDA:2,calculardesconto
DA:1,1
DA:2,1
DA:3,4
DA:4,4
DA:5,4
DA:6,4
DA:7,4
DA:8,4
DA:9,4
DA:10,4
DA:11,4
DA:12,4
DA:13,4
DA:14,1
DA:15,1
DA:16,1
DA:17,8
DA:18,8
DA:19,8
DA:20,1
DA:21,1
DA:22,1
DA:23,1
DA:24,0
DA:25,0
DA:26,1
DA:27,1
DA:28,1
DA:29,1
DA:30,1
DA:31,1
DA:32,1
DA:33,1
DA:34,1
DA:35,1
DA:36,1
DA:37,1
DA:38,2
DA:39,2
DA:40,2
DA:41,7
DA:42,7
DA:43,7
DA:44,1
DA:45,1
DA:46,1
DA:47,7
DA:48,1
DA:49,1
DA:50,1
DA:51,1
DA:52,1
DA:53,1
LF:53
LH:51
BRDA:2,0,0,4
BRDA:16,1,0,8
BRDA:18,2,0,3
BRDA:22,3,0,1
BRDA:23,4,0,0
BRDA:37,5,0,2
BRDA:40,6,0,7
BRDA:43,7,0,1
BRDA:47,8,0,1
BRF:9
BRH:8
end_of_record
